<?xml version="1.0" encoding="UTF-8"?>
<testsuites name="Sauce Labs" time="19.791" tests="2" failures="0" errors="0">
   <testsuite name="Sauce Labs" tests="2" failures="0" errors="0" time="19.791" skipped="0" timestamp="2023-11-06 10:24:14" hostname="muhammad.nurfaizi - BA-00018037" id="Test Suites/Sauce Labs">
      <properties>
         <property name="deviceName" value=""/>
         <property name="devicePlatform" value=""/>
         <property name="logFolder" value="C:\\Users\\muhammad.nurfaizi\\Katalon Studio\\WebTestSauceDemo\\Reports\\20231106_102359\\Sauce Labs\\20231106_102359"/>
         <property name="logFiles" value="C:\\Users\\muhammad.nurfaizi\\Katalon Studio\\WebTestSauceDemo\\Reports\\20231106_102359\\Sauce Labs\\20231106_102359\\execution0.log"/>
         <property name="attachments" value=""/>
         <property name="hostName" value="muhammad.nurfaizi - BA-00018037"/>
         <property name="os" value="Windows 10 64bit"/>
         <property name="katalonVersion" value="8.6.0.208"/>
         <property name="browser" value="Chrome 119.0.0.0"/>
         <property name="hostAddress" value="172.31.73.0"/>
         <property name="sessionId" value="c10352fa6078e84437fa2a3f77beb776"/>
         <property name="seleniumVersion" value="3.141.59"/>
         <property name="proxyInformation" value="ProxyInformation { proxyOption=NO_PROXY, proxyServerType=HTTP, username=, password=********, proxyServerAddress=, proxyServerPort=0, executionList=&quot;&quot;, isApplyToDesiredCapabilities=true }"/>
         <property name="platform" value="Windows 10"/>
      </properties>
      <testcase name="Test Cases/LoginSauce" time="9.317" classname="Test Cases/LoginSauce" status="PASSED">
         <system-out><![CDATA[2023-11-06 10:24:15 - [TEST_CASE][PASSED] - Test Cases/LoginSauce: Test Cases/LoginSauce

2023-11-06 10:24:15 - [TEST_STEP][PASSED] - openBrowser(""): Browser is opened with url: ''

2023-11-06 10:24:15 - [MESSAGE][INFO] - Starting 'Chrome' driver

2023-11-06 10:24:15 - [MESSAGE][INFO] - Action delay is set to 0 milliseconds

2023-11-06 10:24:19 - [MESSAGE][PASSED] - Browser is opened with url: ''

2023-11-06 10:24:19 - [TEST_STEP][PASSED] - navigateToUrl("https://www.saucedemo.com/"): Navigate to 'https://www.saucedemo.com/' successfully

2023-11-06 10:24:19 - [MESSAGE][PASSED] - Navigate to 'https://www.saucedemo.com/' successfully

2023-11-06 10:24:19 - [TEST_STEP][PASSED] - setText(findTestObject("Object Repository/Page_Swag Labs/input_Swag Labs_user-name"), "standard_user"): Text 'standard_user' is set on object 'Object Repository/Page_Swag Labs/input_Swag Labs_user-name'

2023-11-06 10:24:22 - [MESSAGE][PASSED] - Text 'standard_user' is set on object 'Object Repository/Page_Swag Labs/input_Swag Labs_user-name'

2023-11-06 10:24:22 - [TEST_STEP][PASSED] - setEncryptedText(findTestObject("Object Repository/Page_Swag Labs/input_Swag Labs_password"), "qcu24s4901FyWDTwXGr6XA=="): Text ****** has been set on object 'Object Repository/Page_Swag Labs/input_Swag Labs_password'

2023-11-06 10:24:23 - [MESSAGE][PASSED] - Text ****** has been set on object 'Object Repository/Page_Swag Labs/input_Swag Labs_password'

2023-11-06 10:24:23 - [TEST_STEP][PASSED] - click(findTestObject("Object Repository/Page_Swag Labs/input_Swag Labs_login-button")): Object: 'Object Repository/Page_Swag Labs/input_Swag Labs_login-button' is clicked on

2023-11-06 10:24:23 - [MESSAGE][PASSED] - Object: 'Object Repository/Page_Swag Labs/input_Swag Labs_login-button' is clicked on

2023-11-06 10:24:23 - [TEST_STEP][PASSED] - verifyElementText(findTestObject("Object Repository/Page_Swag Labs/div_Swag Labs"), "Swag Labs"): Actual text and expected text of test object 'Object Repository/Page_Swag Labs/div_Swag Labs' are matched.

2023-11-06 10:24:24 - [MESSAGE][PASSED] - Actual text and expected text of test object 'Object Repository/Page_Swag Labs/div_Swag Labs' are matched.]]></system-out>
         <system-err><![CDATA[]]></system-err>
      </testcase>
      <testcase name="Test Cases/AddCartSauce" time="10.172" classname="Test Cases/AddCartSauce" status="PASSED">
         <system-out><![CDATA[2023-11-06 10:24:24 - [TEST_CASE][PASSED] - Test Cases/AddCartSauce: Test Cases/AddCartSauce

2023-11-06 10:24:24 - [TEST_STEP][PASSED] - callTestCase(findTestCase("LoginSauce"), [:], STOP_ON_FAILURE): Call Test Case 'Test Cases/LoginSauce' successfully

2023-11-06 10:24:25 - [TEST_CASE][PASSED] - Test Cases/LoginSauce: Test Cases/LoginSauce

2023-11-06 10:24:25 - [TEST_STEP][PASSED] - openBrowser(""): Browser is opened with url: ''

2023-11-06 10:24:25 - [MESSAGE][WARNING] - A browser is already opened. Closing browser and opening a new one

2023-11-06 10:24:26 - [MESSAGE][INFO] - Starting 'Chrome' driver

2023-11-06 10:24:26 - [MESSAGE][INFO] - Action delay is set to 0 milliseconds

2023-11-06 10:24:27 - [MESSAGE][PASSED] - Browser is opened with url: ''

2023-11-06 10:24:27 - [TEST_STEP][PASSED] - navigateToUrl("https://www.saucedemo.com/"): Navigate to 'https://www.saucedemo.com/' successfully

2023-11-06 10:24:28 - [MESSAGE][PASSED] - Navigate to 'https://www.saucedemo.com/' successfully

2023-11-06 10:24:28 - [TEST_STEP][PASSED] - setText(findTestObject("Object Repository/Page_Swag Labs/input_Swag Labs_user-name"), "standard_user"): Text 'standard_user' is set on object 'Object Repository/Page_Swag Labs/input_Swag Labs_user-name'

2023-11-06 10:24:31 - [MESSAGE][PASSED] - Text 'standard_user' is set on object 'Object Repository/Page_Swag Labs/input_Swag Labs_user-name'

2023-11-06 10:24:31 - [TEST_STEP][PASSED] - setEncryptedText(findTestObject("Object Repository/Page_Swag Labs/input_Swag Labs_password"), "qcu24s4901FyWDTwXGr6XA=="): Text ****** has been set on object 'Object Repository/Page_Swag Labs/input_Swag Labs_password'

2023-11-06 10:24:31 - [MESSAGE][PASSED] - Text ****** has been set on object 'Object Repository/Page_Swag Labs/input_Swag Labs_password'

2023-11-06 10:24:31 - [TEST_STEP][PASSED] - click(findTestObject("Object Repository/Page_Swag Labs/input_Swag Labs_login-button")): Object: 'Object Repository/Page_Swag Labs/input_Swag Labs_login-button' is clicked on

2023-11-06 10:24:32 - [MESSAGE][PASSED] - Object: 'Object Repository/Page_Swag Labs/input_Swag Labs_login-button' is clicked on

2023-11-06 10:24:32 - [TEST_STEP][PASSED] - verifyElementText(findTestObject("Object Repository/Page_Swag Labs/div_Swag Labs"), "Swag Labs"): Actual text and expected text of test object 'Object Repository/Page_Swag Labs/div_Swag Labs' are matched.

2023-11-06 10:24:33 - [MESSAGE][PASSED] - Actual text and expected text of test object 'Object Repository/Page_Swag Labs/div_Swag Labs' are matched.

2023-11-06 10:24:33 - [MESSAGE][PASSED] - Call Test Case 'Test Cases/LoginSauce' successfully

2023-11-06 10:24:33 - [TEST_STEP][PASSED] - click(findTestObject("Object Repository/Page_Swag Labs/button_Add to cart")): Object: 'Object Repository/Page_Swag Labs/button_Add to cart' is clicked on

2023-11-06 10:24:33 - [MESSAGE][PASSED] - Object: 'Object Repository/Page_Swag Labs/button_Add to cart' is clicked on

2023-11-06 10:24:33 - [TEST_STEP][PASSED] - click(findTestObject("Object Repository/Page_Swag Labs/span_1")): Object: 'Object Repository/Page_Swag Labs/span_1' is clicked on

2023-11-06 10:24:34 - [MESSAGE][PASSED] - Object: 'Object Repository/Page_Swag Labs/span_1' is clicked on

2023-11-06 10:24:34 - [TEST_STEP][PASSED] - verifyElementVisible(findTestObject("Object Repository/Page_Swag Labs/div_Sauce Labs Backpackcarry.allTheThings()_a0841a")): Object 'Object Repository/Page_Swag Labs/div_Sauce Labs Backpackcarry.allTheThings()_a0841a' is visible

2023-11-06 10:24:34 - [MESSAGE][PASSED] - Object 'Object Repository/Page_Swag Labs/div_Sauce Labs Backpackcarry.allTheThings()_a0841a' is visible]]></system-out>
         <system-err><![CDATA[]]></system-err>
      </testcase>
      <system-out><![CDATA[2023-11-06 10:24:14 - [TEST_SUITE][PASSED] - Sauce Labs: Test Cases/AddCartSauce]]></system-out>
      <system-err><![CDATA[]]></system-err>
   </testsuite>
</testsuites>
