<?xml version="1.0" encoding="UTF-8"?>
<testsuites name="Regression" time="57.413" tests="4" failures="0" errors="0">
   <testsuite name="Regression" tests="4" failures="0" errors="0" time="57.413" skipped="0" timestamp="30-05-2024T20:07:24" hostname="HOME - DESKTOP-KJ7RTP8" id="Test Suites/Regression">
      <properties>
         <property name="deviceName" value=""/>
         <property name="devicePlatform"/>
         <property name="logFolder" value="C:\\Users\\HOME\\git\\Katalon_WebUISauceLabs\\Reports\\20240530_200717\\Regression\\20240530_200717"/>
         <property name="logFiles" value="C:\\Users\\HOME\\git\\Katalon_WebUISauceLabs\\Reports\\20240530_200717\\Regression\\20240530_200717\\execution0.log"/>
         <property name="attachments" value=""/>
         <property name="hostName" value="HOME - DESKTOP-KJ7RTP8"/>
         <property name="os" value="Windows 11 64bit"/>
         <property name="katalonVersion" value="9.5.0.217"/>
         <property name="browser" value="Chrome 125.0.0.0"/>
         <property name="hostAddress" value="192.168.1.6"/>
         <property name="sessionId" value="fcc914ecda65e840b3e289cab2d366df"/>
         <property name="seleniumVersion" value="3.141.59"/>
         <property name="proxyInformation" value="ProxyInformation { proxyOption=NO_PROXY, proxyServerType=HTTP, username=, password=********, proxyServerAddress=, proxyServerPort=0, executionList=&quot;&quot;, isApplyToDesiredCapabilities=true }"/>
         <property name="platform" value="Windows 11"/>
      </properties>
      <testcase name="Test Cases/LoginSauce" time="8.484" classname="Test Cases/LoginSauce" status="PASSED">
         <system-out><![CDATA[30-05-2024T20:07:24 - [TEST_CASE][PASSED] - Test Cases/LoginSauce: Test Cases/LoginSauce

30-05-2024T20:07:25 - [TEST_STEP][PASSED] - openBrowser(""): Browser is opened with url: ''

30-05-2024T20:07:25 - [MESSAGE][INFO] - Starting 'Chrome' driver

30-05-2024T20:07:25 - [MESSAGE][INFO] - Action delay is set to 0 milliseconds

30-05-2024T20:07:27 - [MESSAGE][PASSED] - Browser is opened with url: ''

30-05-2024T20:07:27 - [TEST_STEP][PASSED] - navigateToUrl("https://www.saucedemo.com/"): Navigate to 'https://www.saucedemo.com/' successfully

30-05-2024T20:07:28 - [MESSAGE][PASSED] - Navigate to 'https://www.saucedemo.com/' successfully

30-05-2024T20:07:28 - [TEST_STEP][PASSED] - setText(findTestObject("Object Repository/LoginPageObject/input_Swag Labs_user-name"), "standard_user"): Text 'standard_user' is set on object 'Object Repository/LoginPageObject/input_Swag Labs_user-name'

30-05-2024T20:07:30 - [MESSAGE][PASSED] - Text 'standard_user' is set on object 'Object Repository/LoginPageObject/input_Swag Labs_user-name'

30-05-2024T20:07:30 - [TEST_STEP][PASSED] - setEncryptedText(findTestObject("Object Repository/LoginPageObject/input_Swag Labs_password"), "qcu24s4901FyWDTwXGr6XA=="): Text ****** has been set on object 'Object Repository/LoginPageObject/input_Swag Labs_password'

30-05-2024T20:07:32 - [MESSAGE][PASSED] - Text ****** has been set on object 'Object Repository/LoginPageObject/input_Swag Labs_password'

30-05-2024T20:07:32 - [TEST_STEP][PASSED] - click(findTestObject("Object Repository/LoginPageObject/input_Swag Labs_login-button")): Object: 'Object Repository/LoginPageObject/input_Swag Labs_login-button' is clicked on

30-05-2024T20:07:32 - [MESSAGE][PASSED] - Object: 'Object Repository/LoginPageObject/input_Swag Labs_login-button' is clicked on

30-05-2024T20:07:32 - [TEST_STEP][PASSED] - verifyElementText(findTestObject("Object Repository/HeaderPageObject/Logo_Swag Labs"), "Swag Labs"): Actual text and expected text of test object 'Object Repository/HeaderPageObject/Logo_Swag Labs' are matched.

30-05-2024T20:07:33 - [MESSAGE][PASSED] - Actual text and expected text of test object 'Object Repository/HeaderPageObject/Logo_Swag Labs' are matched.]]></system-out>
         <system-err><![CDATA[]]></system-err>
      </testcase>
      <testcase name="Test Cases/AddCartSauce" time="9.364" classname="Test Cases/AddCartSauce" status="PASSED">
         <system-out><![CDATA[30-05-2024T20:07:33 - [TEST_CASE][PASSED] - Test Cases/AddCartSauce: Test Cases/AddCartSauce

30-05-2024T20:07:33 - [TEST_STEP][PASSED] - callTestCase(findTestCase("LoginSauce"), [:], STOP_ON_FAILURE): Call Test Case 'Test Cases/LoginSauce' successfully

30-05-2024T20:07:33 - [TEST_CASE][PASSED] - Test Cases/LoginSauce: Test Cases/LoginSauce

30-05-2024T20:07:33 - [TEST_STEP][PASSED] - openBrowser(""): Browser is opened with url: ''

30-05-2024T20:07:33 - [MESSAGE][WARNING] - A browser is already opened. Closing browser and opening a new one

30-05-2024T20:07:33 - [MESSAGE][INFO] - Starting 'Chrome' driver

30-05-2024T20:07:33 - [MESSAGE][INFO] - Action delay is set to 0 milliseconds

30-05-2024T20:07:34 - [MESSAGE][PASSED] - Browser is opened with url: ''

30-05-2024T20:07:34 - [TEST_STEP][PASSED] - navigateToUrl("https://www.saucedemo.com/"): Navigate to 'https://www.saucedemo.com/' successfully

30-05-2024T20:07:35 - [MESSAGE][PASSED] - Navigate to 'https://www.saucedemo.com/' successfully

30-05-2024T20:07:35 - [TEST_STEP][PASSED] - setText(findTestObject("Object Repository/LoginPageObject/input_Swag Labs_user-name"), "standard_user"): Text 'standard_user' is set on object 'Object Repository/LoginPageObject/input_Swag Labs_user-name'

30-05-2024T20:07:38 - [MESSAGE][PASSED] - Text 'standard_user' is set on object 'Object Repository/LoginPageObject/input_Swag Labs_user-name'

30-05-2024T20:07:38 - [TEST_STEP][PASSED] - setEncryptedText(findTestObject("Object Repository/LoginPageObject/input_Swag Labs_password"), "qcu24s4901FyWDTwXGr6XA=="): Text ****** has been set on object 'Object Repository/LoginPageObject/input_Swag Labs_password'

30-05-2024T20:07:39 - [MESSAGE][PASSED] - Text ****** has been set on object 'Object Repository/LoginPageObject/input_Swag Labs_password'

30-05-2024T20:07:39 - [TEST_STEP][PASSED] - click(findTestObject("Object Repository/LoginPageObject/input_Swag Labs_login-button")): Object: 'Object Repository/LoginPageObject/input_Swag Labs_login-button' is clicked on

30-05-2024T20:07:40 - [MESSAGE][PASSED] - Object: 'Object Repository/LoginPageObject/input_Swag Labs_login-button' is clicked on

30-05-2024T20:07:40 - [TEST_STEP][PASSED] - verifyElementText(findTestObject("Object Repository/HeaderPageObject/Logo_Swag Labs"), "Swag Labs"): Actual text and expected text of test object 'Object Repository/HeaderPageObject/Logo_Swag Labs' are matched.

30-05-2024T20:07:40 - [MESSAGE][PASSED] - Actual text and expected text of test object 'Object Repository/HeaderPageObject/Logo_Swag Labs' are matched.

30-05-2024T20:07:40 - [MESSAGE][PASSED] - Call Test Case 'Test Cases/LoginSauce' successfully

30-05-2024T20:07:40 - [TEST_STEP][PASSED] - click(findTestObject("Object Repository/ProductCatalogue/button_Add to cart")): Object: 'Object Repository/ProductCatalogue/button_Add to cart' is clicked on

30-05-2024T20:07:41 - [MESSAGE][PASSED] - Object: 'Object Repository/ProductCatalogue/button_Add to cart' is clicked on

30-05-2024T20:07:41 - [TEST_STEP][PASSED] - click(findTestObject("Object Repository/HeaderPageObject/btnGoToCart")): Object: 'Object Repository/HeaderPageObject/btnGoToCart' is clicked on

30-05-2024T20:07:42 - [MESSAGE][PASSED] - Object: 'Object Repository/HeaderPageObject/btnGoToCart' is clicked on

30-05-2024T20:07:42 - [TEST_STEP][PASSED] - verifyElementVisible(findTestObject("Object Repository/CartPageObject/titleProductCart")): Object 'Object Repository/CartPageObject/titleProductCart' is visible

30-05-2024T20:07:42 - [MESSAGE][PASSED] - Object 'Object Repository/CartPageObject/titleProductCart' is visible]]></system-out>
         <system-err><![CDATA[]]></system-err>
      </testcase>
      <testcase name="Test Cases/Checkout" time="20.338" classname="Test Cases/Checkout" status="PASSED">
         <system-out><![CDATA[30-05-2024T20:07:42 - [TEST_CASE][PASSED] - Test Cases/Checkout: Test Cases/Checkout

30-05-2024T20:07:42 - [TEST_STEP][PASSED] - callTestCase(findTestCase("AddCartSauce"), [:], STOP_ON_FAILURE): Call Test Case 'Test Cases/AddCartSauce' successfully

30-05-2024T20:07:42 - [TEST_CASE][PASSED] - Test Cases/AddCartSauce: Test Cases/AddCartSauce

30-05-2024T20:07:42 - [TEST_STEP][PASSED] - callTestCase(findTestCase("LoginSauce"), [:], STOP_ON_FAILURE): Call Test Case 'Test Cases/LoginSauce' successfully

30-05-2024T20:07:42 - [TEST_CASE][PASSED] - Test Cases/LoginSauce: Test Cases/LoginSauce

30-05-2024T20:07:42 - [TEST_STEP][PASSED] - openBrowser(""): Browser is opened with url: ''

30-05-2024T20:07:42 - [MESSAGE][WARNING] - A browser is already opened. Closing browser and opening a new one

30-05-2024T20:07:43 - [MESSAGE][INFO] - Starting 'Chrome' driver

30-05-2024T20:07:43 - [MESSAGE][INFO] - Action delay is set to 0 milliseconds

30-05-2024T20:07:44 - [MESSAGE][PASSED] - Browser is opened with url: ''

30-05-2024T20:07:44 - [TEST_STEP][PASSED] - navigateToUrl("https://www.saucedemo.com/"): Navigate to 'https://www.saucedemo.com/' successfully

30-05-2024T20:07:46 - [MESSAGE][PASSED] - Navigate to 'https://www.saucedemo.com/' successfully

30-05-2024T20:07:46 - [TEST_STEP][PASSED] - setText(findTestObject("Object Repository/LoginPageObject/input_Swag Labs_user-name"), "standard_user"): Text 'standard_user' is set on object 'Object Repository/LoginPageObject/input_Swag Labs_user-name'

30-05-2024T20:07:49 - [MESSAGE][PASSED] - Text 'standard_user' is set on object 'Object Repository/LoginPageObject/input_Swag Labs_user-name'

30-05-2024T20:07:49 - [TEST_STEP][PASSED] - setEncryptedText(findTestObject("Object Repository/LoginPageObject/input_Swag Labs_password"), "qcu24s4901FyWDTwXGr6XA=="): Text ****** has been set on object 'Object Repository/LoginPageObject/input_Swag Labs_password'

30-05-2024T20:07:50 - [MESSAGE][PASSED] - Text ****** has been set on object 'Object Repository/LoginPageObject/input_Swag Labs_password'

30-05-2024T20:07:50 - [TEST_STEP][PASSED] - click(findTestObject("Object Repository/LoginPageObject/input_Swag Labs_login-button")): Object: 'Object Repository/LoginPageObject/input_Swag Labs_login-button' is clicked on

30-05-2024T20:07:50 - [MESSAGE][PASSED] - Object: 'Object Repository/LoginPageObject/input_Swag Labs_login-button' is clicked on

30-05-2024T20:07:50 - [TEST_STEP][PASSED] - verifyElementText(findTestObject("Object Repository/HeaderPageObject/Logo_Swag Labs"), "Swag Labs"): Actual text and expected text of test object 'Object Repository/HeaderPageObject/Logo_Swag Labs' are matched.

30-05-2024T20:07:51 - [MESSAGE][PASSED] - Actual text and expected text of test object 'Object Repository/HeaderPageObject/Logo_Swag Labs' are matched.

30-05-2024T20:07:51 - [MESSAGE][PASSED] - Call Test Case 'Test Cases/LoginSauce' successfully

30-05-2024T20:07:51 - [TEST_STEP][PASSED] - click(findTestObject("Object Repository/ProductCatalogue/button_Add to cart")): Object: 'Object Repository/ProductCatalogue/button_Add to cart' is clicked on

30-05-2024T20:07:52 - [MESSAGE][PASSED] - Object: 'Object Repository/ProductCatalogue/button_Add to cart' is clicked on

30-05-2024T20:07:52 - [TEST_STEP][PASSED] - click(findTestObject("Object Repository/HeaderPageObject/btnGoToCart")): Object: 'Object Repository/HeaderPageObject/btnGoToCart' is clicked on

30-05-2024T20:07:52 - [MESSAGE][PASSED] - Object: 'Object Repository/HeaderPageObject/btnGoToCart' is clicked on

30-05-2024T20:07:52 - [TEST_STEP][PASSED] - verifyElementVisible(findTestObject("Object Repository/CartPageObject/titleProductCart")): Object 'Object Repository/CartPageObject/titleProductCart' is visible

30-05-2024T20:07:53 - [MESSAGE][PASSED] - Object 'Object Repository/CartPageObject/titleProductCart' is visible

30-05-2024T20:07:53 - [MESSAGE][PASSED] - Call Test Case 'Test Cases/AddCartSauce' successfully

30-05-2024T20:07:53 - [TEST_STEP][PASSED] - verifyElementVisible(findTestObject("Object Repository/CartPageObject/button_Checkout")): Object 'Object Repository/CartPageObject/button_Checkout' is visible

30-05-2024T20:07:53 - [MESSAGE][PASSED] - Object 'Object Repository/CartPageObject/button_Checkout' is visible

30-05-2024T20:07:53 - [TEST_STEP][PASSED] - click(findTestObject("Object Repository/CartPageObject/button_Checkout")): Object: 'Object Repository/CartPageObject/button_Checkout' is clicked on

30-05-2024T20:07:54 - [MESSAGE][PASSED] - Object: 'Object Repository/CartPageObject/button_Checkout' is clicked on

30-05-2024T20:07:54 - [TEST_STEP][PASSED] - setText(findTestObject("Object Repository/CheckoutInformationPageObject/input_Checkout Your Information_firstName"), "test"): Text 'test' is set on object 'Object Repository/CheckoutInformationPageObject/input_Checkout Your Information_firstName'

30-05-2024T20:07:55 - [MESSAGE][PASSED] - Text 'test' is set on object 'Object Repository/CheckoutInformationPageObject/input_Checkout Your Information_firstName'

30-05-2024T20:07:55 - [TEST_STEP][PASSED] - setText(findTestObject("Object Repository/CheckoutInformationPageObject/input_Checkout Your Information_lastName"), "test"): Text 'test' is set on object 'Object Repository/CheckoutInformationPageObject/input_Checkout Your Information_lastName'

30-05-2024T20:07:56 - [MESSAGE][PASSED] - Text 'test' is set on object 'Object Repository/CheckoutInformationPageObject/input_Checkout Your Information_lastName'

30-05-2024T20:07:56 - [TEST_STEP][PASSED] - setText(findTestObject("Object Repository/CheckoutInformationPageObject/input_Checkout Your Information_postalCode"), "123"): Text '123' is set on object 'Object Repository/CheckoutInformationPageObject/input_Checkout Your Information_postalCode'

30-05-2024T20:07:58 - [MESSAGE][PASSED] - Text '123' is set on object 'Object Repository/CheckoutInformationPageObject/input_Checkout Your Information_postalCode'

30-05-2024T20:07:58 - [TEST_STEP][PASSED] - verifyElementVisible(findTestObject("Object Repository/CheckoutInformationPageObject/input_Continue")): Object 'Object Repository/CheckoutInformationPageObject/input_Continue' is visible

30-05-2024T20:08:02 - [MESSAGE][PASSED] - Object 'Object Repository/CheckoutInformationPageObject/input_Continue' is visible

30-05-2024T20:08:02 - [TEST_STEP][PASSED] - click(findTestObject("Object Repository/CheckoutInformationPageObject/input_Continue")): Object: 'Object Repository/CheckoutInformationPageObject/input_Continue' is clicked on

30-05-2024T20:08:02 - [MESSAGE][PASSED] - Object: 'Object Repository/CheckoutInformationPageObject/input_Continue' is clicked on

30-05-2024T20:08:02 - [TEST_STEP][PASSED] - verifyElementText(findTestObject("Object Repository/CheckoutOverviewPageObject/div_Checkout Overview"), "Checkout: Overview"): Actual text and expected text of test object 'Object Repository/CheckoutOverviewPageObject/div_Checkout Overview' are matched.

30-05-2024T20:08:02 - [MESSAGE][PASSED] - Actual text and expected text of test object 'Object Repository/CheckoutOverviewPageObject/div_Checkout Overview' are matched.]]></system-out>
         <system-err><![CDATA[]]></system-err>
      </testcase>
      <testcase name="Test Cases/FinishOrder" time="18.982" classname="Test Cases/FinishOrder" status="PASSED">
         <system-out><![CDATA[30-05-2024T20:08:02 - [TEST_CASE][PASSED] - Test Cases/FinishOrder: Test Cases/FinishOrder

30-05-2024T20:08:03 - [TEST_STEP][PASSED] - callTestCase(findTestCase("Checkout"), [:], STOP_ON_FAILURE): Call Test Case 'Test Cases/Checkout' successfully

30-05-2024T20:08:03 - [TEST_CASE][PASSED] - Test Cases/Checkout: Test Cases/Checkout

30-05-2024T20:08:03 - [TEST_STEP][PASSED] - callTestCase(findTestCase("AddCartSauce"), [:], STOP_ON_FAILURE): Call Test Case 'Test Cases/AddCartSauce' successfully

30-05-2024T20:08:03 - [TEST_CASE][PASSED] - Test Cases/AddCartSauce: Test Cases/AddCartSauce

30-05-2024T20:08:03 - [TEST_STEP][PASSED] - callTestCase(findTestCase("LoginSauce"), [:], STOP_ON_FAILURE): Call Test Case 'Test Cases/LoginSauce' successfully

30-05-2024T20:08:03 - [TEST_CASE][PASSED] - Test Cases/LoginSauce: Test Cases/LoginSauce

30-05-2024T20:08:03 - [TEST_STEP][PASSED] - openBrowser(""): Browser is opened with url: ''

30-05-2024T20:08:03 - [MESSAGE][WARNING] - A browser is already opened. Closing browser and opening a new one

30-05-2024T20:08:03 - [MESSAGE][INFO] - Starting 'Chrome' driver

30-05-2024T20:08:03 - [MESSAGE][INFO] - Action delay is set to 0 milliseconds

30-05-2024T20:08:04 - [MESSAGE][PASSED] - Browser is opened with url: ''

30-05-2024T20:08:04 - [TEST_STEP][PASSED] - navigateToUrl("https://www.saucedemo.com/"): Navigate to 'https://www.saucedemo.com/' successfully

30-05-2024T20:08:05 - [MESSAGE][PASSED] - Navigate to 'https://www.saucedemo.com/' successfully

30-05-2024T20:08:05 - [TEST_STEP][PASSED] - setText(findTestObject("Object Repository/LoginPageObject/input_Swag Labs_user-name"), "standard_user"): Text 'standard_user' is set on object 'Object Repository/LoginPageObject/input_Swag Labs_user-name'

30-05-2024T20:08:08 - [MESSAGE][PASSED] - Text 'standard_user' is set on object 'Object Repository/LoginPageObject/input_Swag Labs_user-name'

30-05-2024T20:08:08 - [TEST_STEP][PASSED] - setEncryptedText(findTestObject("Object Repository/LoginPageObject/input_Swag Labs_password"), "qcu24s4901FyWDTwXGr6XA=="): Text ****** has been set on object 'Object Repository/LoginPageObject/input_Swag Labs_password'

30-05-2024T20:08:09 - [MESSAGE][PASSED] - Text ****** has been set on object 'Object Repository/LoginPageObject/input_Swag Labs_password'

30-05-2024T20:08:09 - [TEST_STEP][PASSED] - click(findTestObject("Object Repository/LoginPageObject/input_Swag Labs_login-button")): Object: 'Object Repository/LoginPageObject/input_Swag Labs_login-button' is clicked on

30-05-2024T20:08:10 - [MESSAGE][PASSED] - Object: 'Object Repository/LoginPageObject/input_Swag Labs_login-button' is clicked on

30-05-2024T20:08:10 - [TEST_STEP][PASSED] - verifyElementText(findTestObject("Object Repository/HeaderPageObject/Logo_Swag Labs"), "Swag Labs"): Actual text and expected text of test object 'Object Repository/HeaderPageObject/Logo_Swag Labs' are matched.

30-05-2024T20:08:10 - [MESSAGE][PASSED] - Actual text and expected text of test object 'Object Repository/HeaderPageObject/Logo_Swag Labs' are matched.

30-05-2024T20:08:10 - [MESSAGE][PASSED] - Call Test Case 'Test Cases/LoginSauce' successfully

30-05-2024T20:08:10 - [TEST_STEP][PASSED] - click(findTestObject("Object Repository/ProductCatalogue/button_Add to cart")): Object: 'Object Repository/ProductCatalogue/button_Add to cart' is clicked on

30-05-2024T20:08:11 - [MESSAGE][PASSED] - Object: 'Object Repository/ProductCatalogue/button_Add to cart' is clicked on

30-05-2024T20:08:11 - [TEST_STEP][PASSED] - click(findTestObject("Object Repository/HeaderPageObject/btnGoToCart")): Object: 'Object Repository/HeaderPageObject/btnGoToCart' is clicked on

30-05-2024T20:08:12 - [MESSAGE][PASSED] - Object: 'Object Repository/HeaderPageObject/btnGoToCart' is clicked on

30-05-2024T20:08:12 - [TEST_STEP][PASSED] - verifyElementVisible(findTestObject("Object Repository/CartPageObject/titleProductCart")): Object 'Object Repository/CartPageObject/titleProductCart' is visible

30-05-2024T20:08:12 - [MESSAGE][PASSED] - Object 'Object Repository/CartPageObject/titleProductCart' is visible

30-05-2024T20:08:12 - [MESSAGE][PASSED] - Call Test Case 'Test Cases/AddCartSauce' successfully

30-05-2024T20:08:12 - [TEST_STEP][PASSED] - verifyElementVisible(findTestObject("Object Repository/CartPageObject/button_Checkout")): Object 'Object Repository/CartPageObject/button_Checkout' is visible

30-05-2024T20:08:13 - [MESSAGE][PASSED] - Object 'Object Repository/CartPageObject/button_Checkout' is visible

30-05-2024T20:08:13 - [TEST_STEP][PASSED] - click(findTestObject("Object Repository/CartPageObject/button_Checkout")): Object: 'Object Repository/CartPageObject/button_Checkout' is clicked on

30-05-2024T20:08:13 - [MESSAGE][PASSED] - Object: 'Object Repository/CartPageObject/button_Checkout' is clicked on

30-05-2024T20:08:13 - [TEST_STEP][PASSED] - setText(findTestObject("Object Repository/CheckoutInformationPageObject/input_Checkout Your Information_firstName"), "test"): Text 'test' is set on object 'Object Repository/CheckoutInformationPageObject/input_Checkout Your Information_firstName'

30-05-2024T20:08:14 - [MESSAGE][PASSED] - Text 'test' is set on object 'Object Repository/CheckoutInformationPageObject/input_Checkout Your Information_firstName'

30-05-2024T20:08:14 - [TEST_STEP][PASSED] - setText(findTestObject("Object Repository/CheckoutInformationPageObject/input_Checkout Your Information_lastName"), "test"): Text 'test' is set on object 'Object Repository/CheckoutInformationPageObject/input_Checkout Your Information_lastName'

30-05-2024T20:08:16 - [MESSAGE][PASSED] - Text 'test' is set on object 'Object Repository/CheckoutInformationPageObject/input_Checkout Your Information_lastName'

30-05-2024T20:08:16 - [TEST_STEP][PASSED] - setText(findTestObject("Object Repository/CheckoutInformationPageObject/input_Checkout Your Information_postalCode"), "123"): Text '123' is set on object 'Object Repository/CheckoutInformationPageObject/input_Checkout Your Information_postalCode'

30-05-2024T20:08:17 - [MESSAGE][PASSED] - Text '123' is set on object 'Object Repository/CheckoutInformationPageObject/input_Checkout Your Information_postalCode'

30-05-2024T20:08:17 - [TEST_STEP][PASSED] - verifyElementVisible(findTestObject("Object Repository/CheckoutInformationPageObject/input_Continue")): Object 'Object Repository/CheckoutInformationPageObject/input_Continue' is visible

30-05-2024T20:08:19 - [MESSAGE][PASSED] - Object 'Object Repository/CheckoutInformationPageObject/input_Continue' is visible

30-05-2024T20:08:19 - [TEST_STEP][PASSED] - click(findTestObject("Object Repository/CheckoutInformationPageObject/input_Continue")): Object: 'Object Repository/CheckoutInformationPageObject/input_Continue' is clicked on

30-05-2024T20:08:20 - [MESSAGE][PASSED] - Object: 'Object Repository/CheckoutInformationPageObject/input_Continue' is clicked on

30-05-2024T20:08:20 - [TEST_STEP][PASSED] - verifyElementText(findTestObject("Object Repository/CheckoutOverviewPageObject/div_Checkout Overview"), "Checkout: Overview"): Actual text and expected text of test object 'Object Repository/CheckoutOverviewPageObject/div_Checkout Overview' are matched.

30-05-2024T20:08:20 - [MESSAGE][PASSED] - Actual text and expected text of test object 'Object Repository/CheckoutOverviewPageObject/div_Checkout Overview' are matched.

30-05-2024T20:08:20 - [MESSAGE][PASSED] - Call Test Case 'Test Cases/Checkout' successfully

30-05-2024T20:08:20 - [TEST_STEP][PASSED] - verifyElementPresent(findTestObject("Object Repository/CheckoutOverviewPageObject/button_Finish"), 0): Object 'Object Repository/CheckoutOverviewPageObject/button_Finish' is present

30-05-2024T20:08:20 - [MESSAGE][WARNING] - Timeout '0' is invalid. Using default page load timeout: '30'

30-05-2024T20:08:21 - [MESSAGE][PASSED] - Object 'Object Repository/CheckoutOverviewPageObject/button_Finish' is present

30-05-2024T20:08:21 - [TEST_STEP][PASSED] - click(findTestObject("Object Repository/CheckoutOverviewPageObject/button_Finish")): Object: 'Object Repository/CheckoutOverviewPageObject/button_Finish' is clicked on

30-05-2024T20:08:21 - [MESSAGE][PASSED] - Object: 'Object Repository/CheckoutOverviewPageObject/button_Finish' is clicked on

30-05-2024T20:08:21 - [TEST_STEP][PASSED] - verifyElementText(findTestObject("Object Repository/ThankYouPageObject/span_Checkout Complete"), "Checkout: Complete!"): Actual text and expected text of test object 'Object Repository/ThankYouPageObject/span_Checkout Complete' are matched.

30-05-2024T20:08:21 - [MESSAGE][PASSED] - Actual text and expected text of test object 'Object Repository/ThankYouPageObject/span_Checkout Complete' are matched.]]></system-out>
         <system-err><![CDATA[]]></system-err>
      </testcase>
      <system-out><![CDATA[30-05-2024T20:07:24 - [TEST_SUITE][PASSED] - Regression: Test Cases/FinishOrder]]></system-out>
      <system-err><![CDATA[]]></system-err>
   </testsuite>
</testsuites>
