<?xml version="1.0" encoding="UTF-8"?>
<testsuites name="Sauce Labs" time="21.482" tests="4" failures="0" errors="0">
   <testsuite name="Sauce Labs" tests="4" failures="0" errors="0" time="21.482" skipped="0" timestamp="2023-11-06 10:46:39" hostname="muhammad.nurfaizi - BA-00018037" id="Test Suites/Sauce Labs">
      <properties>
         <property name="deviceName" value=""/>
         <property name="devicePlatform" value=""/>
         <property name="logFolder" value="C:\\Users\\muhammad.nurfaizi\\Katalon Studio\\WebTestSauceDemo\\Reports\\20231106_104629\\Sauce Labs\\20231106_104629"/>
         <property name="logFiles" value="C:\\Users\\muhammad.nurfaizi\\Katalon Studio\\WebTestSauceDemo\\Reports\\20231106_104629\\Sauce Labs\\20231106_104629\\execution0.log"/>
         <property name="attachments" value=""/>
         <property name="hostName" value="muhammad.nurfaizi - BA-00018037"/>
         <property name="os" value="Windows 10 64bit"/>
         <property name="katalonVersion" value="8.6.0.208"/>
         <property name="browser" value="Chrome 119.0.6045.106"/>
         <property name="hostAddress" value="172.31.73.0"/>
         <property name="sessionId" value="bcf38c7851c03b626a449dca32e90393"/>
         <property name="seleniumVersion" value="3.141.59"/>
         <property name="proxyInformation" value="ProxyInformation { proxyOption=NO_PROXY, proxyServerType=HTTP, username=, password=********, proxyServerAddress=, proxyServerPort=0, executionList=&quot;&quot;, isApplyToDesiredCapabilities=true }"/>
         <property name="platform" value="Windows 10"/>
      </properties>
      <testcase name="Test Cases/LoginSauce" time="4.599" classname="Test Cases/LoginSauce" status="PASSED">
         <system-out><![CDATA[2023-11-06 10:46:40 - [TEST_CASE][PASSED] - Test Cases/LoginSauce: Test Cases/LoginSauce

2023-11-06 10:46:40 - [TEST_STEP][PASSED] - openBrowser(""): Browser is opened with url: ''

2023-11-06 10:46:40 - [MESSAGE][INFO] - Starting 'Chrome (headless)' driver

2023-11-06 10:46:40 - [MESSAGE][INFO] - Action delay is set to 0 milliseconds

2023-11-06 10:46:43 - [MESSAGE][PASSED] - Browser is opened with url: ''

2023-11-06 10:46:43 - [TEST_STEP][PASSED] - navigateToUrl("https://www.saucedemo.com/"): Navigate to 'https://www.saucedemo.com/' successfully

2023-11-06 10:46:43 - [MESSAGE][PASSED] - Navigate to 'https://www.saucedemo.com/' successfully

2023-11-06 10:46:43 - [TEST_STEP][PASSED] - setText(findTestObject("Object Repository/Page_Swag Labs/input_Swag Labs_user-name"), "standard_user"): Text 'standard_user' is set on object 'Object Repository/Page_Swag Labs/input_Swag Labs_user-name'

2023-11-06 10:46:44 - [MESSAGE][PASSED] - Text 'standard_user' is set on object 'Object Repository/Page_Swag Labs/input_Swag Labs_user-name'

2023-11-06 10:46:44 - [TEST_STEP][PASSED] - setEncryptedText(findTestObject("Object Repository/Page_Swag Labs/input_Swag Labs_password"), "qcu24s4901FyWDTwXGr6XA=="): Text ****** has been set on object 'Object Repository/Page_Swag Labs/input_Swag Labs_password'

2023-11-06 10:46:44 - [MESSAGE][PASSED] - Text ****** has been set on object 'Object Repository/Page_Swag Labs/input_Swag Labs_password'

2023-11-06 10:46:44 - [TEST_STEP][PASSED] - click(findTestObject("Object Repository/Page_Swag Labs/input_Swag Labs_login-button")): Object: 'Object Repository/Page_Swag Labs/input_Swag Labs_login-button' is clicked on

2023-11-06 10:46:44 - [MESSAGE][PASSED] - Object: 'Object Repository/Page_Swag Labs/input_Swag Labs_login-button' is clicked on

2023-11-06 10:46:44 - [TEST_STEP][PASSED] - verifyElementText(findTestObject("Object Repository/Page_Swag Labs/div_Swag Labs"), "Swag Labs"): Actual text and expected text of test object 'Object Repository/Page_Swag Labs/div_Swag Labs' are matched.

2023-11-06 10:46:44 - [MESSAGE][PASSED] - Actual text and expected text of test object 'Object Repository/Page_Swag Labs/div_Swag Labs' are matched.]]></system-out>
         <system-err><![CDATA[]]></system-err>
      </testcase>
      <testcase name="Test Cases/AddCartSauce" time="4.373" classname="Test Cases/AddCartSauce" status="PASSED">
         <system-out><![CDATA[2023-11-06 10:46:44 - [TEST_CASE][PASSED] - Test Cases/AddCartSauce: Test Cases/AddCartSauce

2023-11-06 10:46:45 - [TEST_STEP][PASSED] - callTestCase(findTestCase("LoginSauce"), [:], STOP_ON_FAILURE): Call Test Case 'Test Cases/LoginSauce' successfully

2023-11-06 10:46:45 - [TEST_CASE][PASSED] - Test Cases/LoginSauce: Test Cases/LoginSauce

2023-11-06 10:46:45 - [TEST_STEP][PASSED] - openBrowser(""): Browser is opened with url: ''

2023-11-06 10:46:45 - [MESSAGE][WARNING] - A browser is already opened. Closing browser and opening a new one

2023-11-06 10:46:45 - [MESSAGE][INFO] - Starting 'Chrome (headless)' driver

2023-11-06 10:46:45 - [MESSAGE][INFO] - Action delay is set to 0 milliseconds

2023-11-06 10:46:47 - [MESSAGE][PASSED] - Browser is opened with url: ''

2023-11-06 10:46:47 - [TEST_STEP][PASSED] - navigateToUrl("https://www.saucedemo.com/"): Navigate to 'https://www.saucedemo.com/' successfully

2023-11-06 10:46:47 - [MESSAGE][PASSED] - Navigate to 'https://www.saucedemo.com/' successfully

2023-11-06 10:46:47 - [TEST_STEP][PASSED] - setText(findTestObject("Object Repository/Page_Swag Labs/input_Swag Labs_user-name"), "standard_user"): Text 'standard_user' is set on object 'Object Repository/Page_Swag Labs/input_Swag Labs_user-name'

2023-11-06 10:46:48 - [MESSAGE][PASSED] - Text 'standard_user' is set on object 'Object Repository/Page_Swag Labs/input_Swag Labs_user-name'

2023-11-06 10:46:48 - [TEST_STEP][PASSED] - setEncryptedText(findTestObject("Object Repository/Page_Swag Labs/input_Swag Labs_password"), "qcu24s4901FyWDTwXGr6XA=="): Text ****** has been set on object 'Object Repository/Page_Swag Labs/input_Swag Labs_password'

2023-11-06 10:46:48 - [MESSAGE][PASSED] - Text ****** has been set on object 'Object Repository/Page_Swag Labs/input_Swag Labs_password'

2023-11-06 10:46:48 - [TEST_STEP][PASSED] - click(findTestObject("Object Repository/Page_Swag Labs/input_Swag Labs_login-button")): Object: 'Object Repository/Page_Swag Labs/input_Swag Labs_login-button' is clicked on

2023-11-06 10:46:48 - [MESSAGE][PASSED] - Object: 'Object Repository/Page_Swag Labs/input_Swag Labs_login-button' is clicked on

2023-11-06 10:46:48 - [TEST_STEP][PASSED] - verifyElementText(findTestObject("Object Repository/Page_Swag Labs/div_Swag Labs"), "Swag Labs"): Actual text and expected text of test object 'Object Repository/Page_Swag Labs/div_Swag Labs' are matched.

2023-11-06 10:46:48 - [MESSAGE][PASSED] - Actual text and expected text of test object 'Object Repository/Page_Swag Labs/div_Swag Labs' are matched.

2023-11-06 10:46:48 - [MESSAGE][PASSED] - Call Test Case 'Test Cases/LoginSauce' successfully

2023-11-06 10:46:48 - [TEST_STEP][PASSED] - click(findTestObject("Object Repository/Page_Swag Labs/button_Add to cart")): Object: 'Object Repository/Page_Swag Labs/button_Add to cart' is clicked on

2023-11-06 10:46:48 - [MESSAGE][PASSED] - Object: 'Object Repository/Page_Swag Labs/button_Add to cart' is clicked on

2023-11-06 10:46:48 - [TEST_STEP][PASSED] - click(findTestObject("Object Repository/Page_Swag Labs/span_1")): Object: 'Object Repository/Page_Swag Labs/span_1' is clicked on

2023-11-06 10:46:48 - [MESSAGE][PASSED] - Object: 'Object Repository/Page_Swag Labs/span_1' is clicked on

2023-11-06 10:46:48 - [TEST_STEP][PASSED] - verifyElementVisible(findTestObject("Object Repository/Page_Swag Labs/div_Sauce Labs Backpackcarry.allTheThings()_a0841a")): Object 'Object Repository/Page_Swag Labs/div_Sauce Labs Backpackcarry.allTheThings()_a0841a' is visible

2023-11-06 10:46:49 - [MESSAGE][PASSED] - Object 'Object Repository/Page_Swag Labs/div_Sauce Labs Backpackcarry.allTheThings()_a0841a' is visible]]></system-out>
         <system-err><![CDATA[]]></system-err>
      </testcase>
      <testcase name="Test Cases/Checkout" time="5.87" classname="Test Cases/Checkout" status="PASSED">
         <system-out><![CDATA[2023-11-06 10:46:49 - [TEST_CASE][PASSED] - Test Cases/Checkout: Test Cases/Checkout

2023-11-06 10:46:49 - [TEST_STEP][PASSED] - callTestCase(findTestCase("AddCartSauce"), [:], STOP_ON_FAILURE): Call Test Case 'Test Cases/AddCartSauce' successfully

2023-11-06 10:46:49 - [TEST_CASE][PASSED] - Test Cases/AddCartSauce: Test Cases/AddCartSauce

2023-11-06 10:46:49 - [TEST_STEP][PASSED] - callTestCase(findTestCase("LoginSauce"), [:], STOP_ON_FAILURE): Call Test Case 'Test Cases/LoginSauce' successfully

2023-11-06 10:46:49 - [TEST_CASE][PASSED] - Test Cases/LoginSauce: Test Cases/LoginSauce

2023-11-06 10:46:49 - [TEST_STEP][PASSED] - openBrowser(""): Browser is opened with url: ''

2023-11-06 10:46:49 - [MESSAGE][WARNING] - A browser is already opened. Closing browser and opening a new one

2023-11-06 10:46:50 - [MESSAGE][INFO] - Starting 'Chrome (headless)' driver

2023-11-06 10:46:50 - [MESSAGE][INFO] - Action delay is set to 0 milliseconds

2023-11-06 10:46:51 - [MESSAGE][PASSED] - Browser is opened with url: ''

2023-11-06 10:46:51 - [TEST_STEP][PASSED] - navigateToUrl("https://www.saucedemo.com/"): Navigate to 'https://www.saucedemo.com/' successfully

2023-11-06 10:46:52 - [MESSAGE][PASSED] - Navigate to 'https://www.saucedemo.com/' successfully

2023-11-06 10:46:52 - [TEST_STEP][PASSED] - setText(findTestObject("Object Repository/Page_Swag Labs/input_Swag Labs_user-name"), "standard_user"): Text 'standard_user' is set on object 'Object Repository/Page_Swag Labs/input_Swag Labs_user-name'

2023-11-06 10:46:52 - [MESSAGE][PASSED] - Text 'standard_user' is set on object 'Object Repository/Page_Swag Labs/input_Swag Labs_user-name'

2023-11-06 10:46:52 - [TEST_STEP][PASSED] - setEncryptedText(findTestObject("Object Repository/Page_Swag Labs/input_Swag Labs_password"), "qcu24s4901FyWDTwXGr6XA=="): Text ****** has been set on object 'Object Repository/Page_Swag Labs/input_Swag Labs_password'

2023-11-06 10:46:52 - [MESSAGE][PASSED] - Text ****** has been set on object 'Object Repository/Page_Swag Labs/input_Swag Labs_password'

2023-11-06 10:46:52 - [TEST_STEP][PASSED] - click(findTestObject("Object Repository/Page_Swag Labs/input_Swag Labs_login-button")): Object: 'Object Repository/Page_Swag Labs/input_Swag Labs_login-button' is clicked on

2023-11-06 10:46:53 - [MESSAGE][PASSED] - Object: 'Object Repository/Page_Swag Labs/input_Swag Labs_login-button' is clicked on

2023-11-06 10:46:53 - [TEST_STEP][PASSED] - verifyElementText(findTestObject("Object Repository/Page_Swag Labs/div_Swag Labs"), "Swag Labs"): Actual text and expected text of test object 'Object Repository/Page_Swag Labs/div_Swag Labs' are matched.

2023-11-06 10:46:53 - [MESSAGE][PASSED] - Actual text and expected text of test object 'Object Repository/Page_Swag Labs/div_Swag Labs' are matched.

2023-11-06 10:46:53 - [MESSAGE][PASSED] - Call Test Case 'Test Cases/LoginSauce' successfully

2023-11-06 10:46:53 - [TEST_STEP][PASSED] - click(findTestObject("Object Repository/Page_Swag Labs/button_Add to cart")): Object: 'Object Repository/Page_Swag Labs/button_Add to cart' is clicked on

2023-11-06 10:46:53 - [MESSAGE][PASSED] - Object: 'Object Repository/Page_Swag Labs/button_Add to cart' is clicked on

2023-11-06 10:46:53 - [TEST_STEP][PASSED] - click(findTestObject("Object Repository/Page_Swag Labs/span_1")): Object: 'Object Repository/Page_Swag Labs/span_1' is clicked on

2023-11-06 10:46:53 - [MESSAGE][PASSED] - Object: 'Object Repository/Page_Swag Labs/span_1' is clicked on

2023-11-06 10:46:53 - [TEST_STEP][PASSED] - verifyElementVisible(findTestObject("Object Repository/Page_Swag Labs/div_Sauce Labs Backpackcarry.allTheThings()_a0841a")): Object 'Object Repository/Page_Swag Labs/div_Sauce Labs Backpackcarry.allTheThings()_a0841a' is visible

2023-11-06 10:46:53 - [MESSAGE][PASSED] - Object 'Object Repository/Page_Swag Labs/div_Sauce Labs Backpackcarry.allTheThings()_a0841a' is visible

2023-11-06 10:46:53 - [MESSAGE][PASSED] - Call Test Case 'Test Cases/AddCartSauce' successfully

2023-11-06 10:46:53 - [TEST_STEP][PASSED] - verifyElementVisible(findTestObject("Object Repository/Page_Swag Labs/button_Checkout")): Object 'Object Repository/Page_Swag Labs/button_Checkout' is visible

2023-11-06 10:46:53 - [MESSAGE][PASSED] - Object 'Object Repository/Page_Swag Labs/button_Checkout' is visible

2023-11-06 10:46:53 - [TEST_STEP][PASSED] - click(findTestObject("Object Repository/Page_Swag Labs/button_Checkout")): Object: 'Object Repository/Page_Swag Labs/button_Checkout' is clicked on

2023-11-06 10:46:53 - [MESSAGE][PASSED] - Object: 'Object Repository/Page_Swag Labs/button_Checkout' is clicked on

2023-11-06 10:46:53 - [TEST_STEP][PASSED] - setText(findTestObject("Object Repository/Page_Swag Labs/input_Checkout Your Information_firstName"), "test"): Text 'test' is set on object 'Object Repository/Page_Swag Labs/input_Checkout Your Information_firstName'

2023-11-06 10:46:54 - [MESSAGE][PASSED] - Text 'test' is set on object 'Object Repository/Page_Swag Labs/input_Checkout Your Information_firstName'

2023-11-06 10:46:54 - [TEST_STEP][PASSED] - setText(findTestObject("Object Repository/Page_Swag Labs/input_Checkout Your Information_lastName"), "test"): Text 'test' is set on object 'Object Repository/Page_Swag Labs/input_Checkout Your Information_lastName'

2023-11-06 10:46:54 - [MESSAGE][PASSED] - Text 'test' is set on object 'Object Repository/Page_Swag Labs/input_Checkout Your Information_lastName'

2023-11-06 10:46:54 - [TEST_STEP][PASSED] - setText(findTestObject("Object Repository/Page_Swag Labs/input_Checkout Your Information_postalCode"), "123"): Text '123' is set on object 'Object Repository/Page_Swag Labs/input_Checkout Your Information_postalCode'

2023-11-06 10:46:54 - [MESSAGE][PASSED] - Text '123' is set on object 'Object Repository/Page_Swag Labs/input_Checkout Your Information_postalCode'

2023-11-06 10:46:54 - [TEST_STEP][PASSED] - verifyElementVisible(findTestObject("Object Repository/Page_Swag Labs/input_Cancel_continue")): Object 'Object Repository/Page_Swag Labs/input_Cancel_continue' is visible

2023-11-06 10:46:54 - [MESSAGE][PASSED] - Object 'Object Repository/Page_Swag Labs/input_Cancel_continue' is visible

2023-11-06 10:46:54 - [TEST_STEP][PASSED] - click(findTestObject("Object Repository/Page_Swag Labs/input_Cancel_continue")): Object: 'Object Repository/Page_Swag Labs/input_Cancel_continue' is clicked on

2023-11-06 10:46:54 - [MESSAGE][PASSED] - Object: 'Object Repository/Page_Swag Labs/input_Cancel_continue' is clicked on

2023-11-06 10:46:54 - [TEST_STEP][PASSED] - verifyElementText(findTestObject("Object Repository/Page_Swag Labs/div_Checkout Overview"), "Checkout: Overview"): Actual text and expected text of test object 'Object Repository/Page_Swag Labs/div_Checkout Overview' are matched.

2023-11-06 10:46:54 - [MESSAGE][PASSED] - Actual text and expected text of test object 'Object Repository/Page_Swag Labs/div_Checkout Overview' are matched.]]></system-out>
         <system-err><![CDATA[]]></system-err>
      </testcase>
      <testcase name="Test Cases/FinishOrder" time="6.375" classname="Test Cases/FinishOrder" status="PASSED">
         <system-out><![CDATA[2023-11-06 10:46:54 - [TEST_CASE][PASSED] - Test Cases/FinishOrder: Test Cases/FinishOrder

2023-11-06 10:46:55 - [TEST_STEP][PASSED] - callTestCase(findTestCase("Checkout"), [:], STOP_ON_FAILURE): Call Test Case 'Test Cases/Checkout' successfully

2023-11-06 10:46:55 - [TEST_CASE][PASSED] - Test Cases/Checkout: Test Cases/Checkout

2023-11-06 10:46:55 - [TEST_STEP][PASSED] - callTestCase(findTestCase("AddCartSauce"), [:], STOP_ON_FAILURE): Call Test Case 'Test Cases/AddCartSauce' successfully

2023-11-06 10:46:55 - [TEST_CASE][PASSED] - Test Cases/AddCartSauce: Test Cases/AddCartSauce

2023-11-06 10:46:55 - [TEST_STEP][PASSED] - callTestCase(findTestCase("LoginSauce"), [:], STOP_ON_FAILURE): Call Test Case 'Test Cases/LoginSauce' successfully

2023-11-06 10:46:55 - [TEST_CASE][PASSED] - Test Cases/LoginSauce: Test Cases/LoginSauce

2023-11-06 10:46:55 - [TEST_STEP][PASSED] - openBrowser(""): Browser is opened with url: ''

2023-11-06 10:46:55 - [MESSAGE][WARNING] - A browser is already opened. Closing browser and opening a new one

2023-11-06 10:46:56 - [MESSAGE][INFO] - Starting 'Chrome (headless)' driver

2023-11-06 10:46:56 - [MESSAGE][INFO] - Action delay is set to 0 milliseconds

2023-11-06 10:46:57 - [MESSAGE][PASSED] - Browser is opened with url: ''

2023-11-06 10:46:57 - [TEST_STEP][PASSED] - navigateToUrl("https://www.saucedemo.com/"): Navigate to 'https://www.saucedemo.com/' successfully

2023-11-06 10:46:58 - [MESSAGE][PASSED] - Navigate to 'https://www.saucedemo.com/' successfully

2023-11-06 10:46:58 - [TEST_STEP][PASSED] - setText(findTestObject("Object Repository/Page_Swag Labs/input_Swag Labs_user-name"), "standard_user"): Text 'standard_user' is set on object 'Object Repository/Page_Swag Labs/input_Swag Labs_user-name'

2023-11-06 10:46:58 - [MESSAGE][PASSED] - Text 'standard_user' is set on object 'Object Repository/Page_Swag Labs/input_Swag Labs_user-name'

2023-11-06 10:46:58 - [TEST_STEP][PASSED] - setEncryptedText(findTestObject("Object Repository/Page_Swag Labs/input_Swag Labs_password"), "qcu24s4901FyWDTwXGr6XA=="): Text ****** has been set on object 'Object Repository/Page_Swag Labs/input_Swag Labs_password'

2023-11-06 10:46:58 - [MESSAGE][PASSED] - Text ****** has been set on object 'Object Repository/Page_Swag Labs/input_Swag Labs_password'

2023-11-06 10:46:58 - [TEST_STEP][PASSED] - click(findTestObject("Object Repository/Page_Swag Labs/input_Swag Labs_login-button")): Object: 'Object Repository/Page_Swag Labs/input_Swag Labs_login-button' is clicked on

2023-11-06 10:46:59 - [MESSAGE][PASSED] - Object: 'Object Repository/Page_Swag Labs/input_Swag Labs_login-button' is clicked on

2023-11-06 10:46:59 - [TEST_STEP][PASSED] - verifyElementText(findTestObject("Object Repository/Page_Swag Labs/div_Swag Labs"), "Swag Labs"): Actual text and expected text of test object 'Object Repository/Page_Swag Labs/div_Swag Labs' are matched.

2023-11-06 10:46:59 - [MESSAGE][PASSED] - Actual text and expected text of test object 'Object Repository/Page_Swag Labs/div_Swag Labs' are matched.

2023-11-06 10:46:59 - [MESSAGE][PASSED] - Call Test Case 'Test Cases/LoginSauce' successfully

2023-11-06 10:46:59 - [TEST_STEP][PASSED] - click(findTestObject("Object Repository/Page_Swag Labs/button_Add to cart")): Object: 'Object Repository/Page_Swag Labs/button_Add to cart' is clicked on

2023-11-06 10:46:59 - [MESSAGE][PASSED] - Object: 'Object Repository/Page_Swag Labs/button_Add to cart' is clicked on

2023-11-06 10:46:59 - [TEST_STEP][PASSED] - click(findTestObject("Object Repository/Page_Swag Labs/span_1")): Object: 'Object Repository/Page_Swag Labs/span_1' is clicked on

2023-11-06 10:46:59 - [MESSAGE][PASSED] - Object: 'Object Repository/Page_Swag Labs/span_1' is clicked on

2023-11-06 10:46:59 - [TEST_STEP][PASSED] - verifyElementVisible(findTestObject("Object Repository/Page_Swag Labs/div_Sauce Labs Backpackcarry.allTheThings()_a0841a")): Object 'Object Repository/Page_Swag Labs/div_Sauce Labs Backpackcarry.allTheThings()_a0841a' is visible

2023-11-06 10:46:59 - [MESSAGE][PASSED] - Object 'Object Repository/Page_Swag Labs/div_Sauce Labs Backpackcarry.allTheThings()_a0841a' is visible

2023-11-06 10:46:59 - [MESSAGE][PASSED] - Call Test Case 'Test Cases/AddCartSauce' successfully

2023-11-06 10:46:59 - [TEST_STEP][PASSED] - verifyElementVisible(findTestObject("Object Repository/Page_Swag Labs/button_Checkout")): Object 'Object Repository/Page_Swag Labs/button_Checkout' is visible

2023-11-06 10:46:59 - [MESSAGE][PASSED] - Object 'Object Repository/Page_Swag Labs/button_Checkout' is visible

2023-11-06 10:46:59 - [TEST_STEP][PASSED] - click(findTestObject("Object Repository/Page_Swag Labs/button_Checkout")): Object: 'Object Repository/Page_Swag Labs/button_Checkout' is clicked on

2023-11-06 10:46:59 - [MESSAGE][PASSED] - Object: 'Object Repository/Page_Swag Labs/button_Checkout' is clicked on

2023-11-06 10:46:59 - [TEST_STEP][PASSED] - setText(findTestObject("Object Repository/Page_Swag Labs/input_Checkout Your Information_firstName"), "test"): Text 'test' is set on object 'Object Repository/Page_Swag Labs/input_Checkout Your Information_firstName'

2023-11-06 10:47:00 - [MESSAGE][PASSED] - Text 'test' is set on object 'Object Repository/Page_Swag Labs/input_Checkout Your Information_firstName'

2023-11-06 10:47:00 - [TEST_STEP][PASSED] - setText(findTestObject("Object Repository/Page_Swag Labs/input_Checkout Your Information_lastName"), "test"): Text 'test' is set on object 'Object Repository/Page_Swag Labs/input_Checkout Your Information_lastName'

2023-11-06 10:47:00 - [MESSAGE][PASSED] - Text 'test' is set on object 'Object Repository/Page_Swag Labs/input_Checkout Your Information_lastName'

2023-11-06 10:47:00 - [TEST_STEP][PASSED] - setText(findTestObject("Object Repository/Page_Swag Labs/input_Checkout Your Information_postalCode"), "123"): Text '123' is set on object 'Object Repository/Page_Swag Labs/input_Checkout Your Information_postalCode'

2023-11-06 10:47:00 - [MESSAGE][PASSED] - Text '123' is set on object 'Object Repository/Page_Swag Labs/input_Checkout Your Information_postalCode'

2023-11-06 10:47:00 - [TEST_STEP][PASSED] - verifyElementVisible(findTestObject("Object Repository/Page_Swag Labs/input_Cancel_continue")): Object 'Object Repository/Page_Swag Labs/input_Cancel_continue' is visible

2023-11-06 10:47:00 - [MESSAGE][PASSED] - Object 'Object Repository/Page_Swag Labs/input_Cancel_continue' is visible

2023-11-06 10:47:00 - [TEST_STEP][PASSED] - click(findTestObject("Object Repository/Page_Swag Labs/input_Cancel_continue")): Object: 'Object Repository/Page_Swag Labs/input_Cancel_continue' is clicked on

2023-11-06 10:47:00 - [MESSAGE][PASSED] - Object: 'Object Repository/Page_Swag Labs/input_Cancel_continue' is clicked on

2023-11-06 10:47:00 - [TEST_STEP][PASSED] - verifyElementText(findTestObject("Object Repository/Page_Swag Labs/div_Checkout Overview"), "Checkout: Overview"): Actual text and expected text of test object 'Object Repository/Page_Swag Labs/div_Checkout Overview' are matched.

2023-11-06 10:47:00 - [MESSAGE][PASSED] - Actual text and expected text of test object 'Object Repository/Page_Swag Labs/div_Checkout Overview' are matched.

2023-11-06 10:47:00 - [MESSAGE][PASSED] - Call Test Case 'Test Cases/Checkout' successfully

2023-11-06 10:47:00 - [TEST_STEP][PASSED] - verifyElementPresent(findTestObject("Object Repository/Page_Swag Labs/button_Finish"), 0): Object 'Object Repository/Page_Swag Labs/button_Finish' is present

2023-11-06 10:47:01 - [MESSAGE][WARNING] - Timeout '0' is invalid. Using default page load timeout: '30'

2023-11-06 10:47:01 - [MESSAGE][PASSED] - Object 'Object Repository/Page_Swag Labs/button_Finish' is present

2023-11-06 10:47:01 - [TEST_STEP][PASSED] - click(findTestObject("Object Repository/Page_Swag Labs/button_Finish")): Object: 'Object Repository/Page_Swag Labs/button_Finish' is clicked on

2023-11-06 10:47:01 - [MESSAGE][PASSED] - Object: 'Object Repository/Page_Swag Labs/button_Finish' is clicked on

2023-11-06 10:47:01 - [TEST_STEP][PASSED] - verifyElementText(findTestObject("Object Repository/Page_Swag Labs/span_Checkout Complete"), "Checkout: Complete!"): Actual text and expected text of test object 'Object Repository/Page_Swag Labs/span_Checkout Complete' are matched.

2023-11-06 10:47:01 - [MESSAGE][PASSED] - Actual text and expected text of test object 'Object Repository/Page_Swag Labs/span_Checkout Complete' are matched.]]></system-out>
         <system-err><![CDATA[]]></system-err>
      </testcase>
      <system-out><![CDATA[2023-11-06 10:46:39 - [TEST_SUITE][PASSED] - Sauce Labs: Test Cases/FinishOrder]]></system-out>
      <system-err><![CDATA[]]></system-err>
   </testsuite>
</testsuites>
